<?xml version="1.0" encoding="UTF-8"?>
<!-- Generated by org.testng.reporters.JUnitReportReporter -->
<testsuite hostname="Win10-2-215" failures="0" tests="1" name="restassuredtestcases.GetRequestTest" time="3.807" errors="0" timestamp="2022-01-20T12:18:13 IST" skipped="0">
  <testcase classname="restassuredtestcases.GetRequestTest" name="test1" time="3.807"/>
  <system-out/>
</testsuite> <!-- restassuredtestcases.GetRequestTest -->
