<?xml version="1.0" encoding="UTF-8"?>
<!-- Generated by org.testng.reporters.JUnitReportReporter -->
<testsuite hostname="Win10-2-215" failures="0" tests="1" name="restassuredtestcases.PutRequest" time="3.897" errors="0" timestamp="2022-01-20T16:56:13 IST" skipped="0">
  <testcase classname="restassuredtestcases.PutRequest" name="testPutCreateUser" time="3.897"/>
  <system-out/>
</testsuite> <!-- restassuredtestcases.PutRequest -->
