<?xml version="1.0" encoding="UTF-8"?>
<!-- Generated by org.testng.reporters.JUnitReportReporter -->
<testsuite hostname="Win10-2-215" failures="0" tests="1" name="restassuredtestcases.PostRequest" time="4.529" errors="0" timestamp="2022-01-20T17:09:09 IST" skipped="0">
  <testcase classname="restassuredtestcases.PostRequest" name="testPostCreateUser" time="4.529"/>
  <system-out/>
</testsuite> <!-- restassuredtestcases.PostRequest -->
