<?xml version="1.0" encoding="UTF-8"?>
<!-- Generated by org.testng.reporters.JUnitReportReporter -->
<testsuite hostname="Win10-2-215" failures="0" tests="8" name="restassuredtestcases.Assignment8" time="18.013" errors="0" timestamp="2022-01-21T18:47:44 IST" skipped="0">
  <testcase classname="restassuredtestcases.Assignment8" name="testGetSingleUserNotFound" time="1.022"/>
  <system-out/>
  <testcase classname="restassuredtestcases.Assignment8" name="testGetlistResources" time="0.937"/>
  <system-out/>
  <testcase classname="restassuredtestcases.Assignment8" name="validatePostRegisterUnSuccessful" time="0.971"/>
  <system-out/>
  <testcase classname="restassuredtestcases.Assignment8" name="testGetSingleResources" time="4.103"/>
  <system-out/>
  <testcase classname="restassuredtestcases.Assignment8" name="validatePostLoginUnsuccessful" time="1.955"/>
  <system-out/>
  <testcase classname="restassuredtestcases.Assignment8" name="validationOfCompleteFlow" time="7.027"/>
  <system-out/>
  <testcase classname="restassuredtestcases.Assignment8" name="testGetSingleResourcesNotFound" time="1.008"/>
  <system-out/>
  <testcase classname="restassuredtestcases.Assignment8" name="validatePostRegisterSuccessful" time="0.990"/>
  <system-out/>
</testsuite> <!-- restassuredtestcases.Assignment8 -->
