<?xml version="1.0" encoding="UTF-8"?>
<!-- Generated by org.testng.reporters.JUnitReportReporter -->
<testsuite hostname="Win10-2-215" failures="0" tests="1" name="restassuredtestcases.PatchRequest" time="4.276" errors="0" timestamp="2022-01-20T16:57:10 IST" skipped="0">
  <testcase classname="restassuredtestcases.PatchRequest" name="testPatchCreateUser" time="4.276"/>
  <system-out/>
</testsuite> <!-- restassuredtestcases.PatchRequest -->
