<?xml version="1.0" encoding="UTF-8"?>
<!-- Generated by org.testng.reporters.JUnitReportReporter -->
<testsuite hostname="Win10-2-215" failures="0" tests="3" name="restassuredtestcases.GetRequest" time="4.557" errors="0" timestamp="2022-01-20T12:03:46 IST" skipped="0">
  <testcase classname="restassuredtestcases.GetRequest" name="testSingleUserParameter" time="0.872"/>
  <system-out/>
  <testcase classname="restassuredtestcases.GetRequest" name="testGetUserList" time="3.318"/>
  <system-out/>
  <testcase classname="restassuredtestcases.GetRequest" name="testSingleUser" time="0.367"/>
  <system-out/>
</testsuite> <!-- restassuredtestcases.GetRequest -->
