<?xml version="1.0" encoding="UTF-8"?>
<!-- Generated by org.testng.reporters.JUnitReportReporter -->
<testsuite hostname="Win10-2-215" failures="0" tests="2" name="restassuredtestcases.GetRequestCucumberStyle" time="4.633" errors="0" timestamp="2022-01-20T12:57:35 IST" skipped="1">
  <testcase classname="restassuredtestcases.GetRequestCucumberStyle" name="testValidateGetUserListData" time="4.633"/>
  <system-out/>
  <testcase classname="restassuredtestcases.GetRequestCucumberStyle" name="testGetUserList">
    <skipped/>
  </testcase> <!-- testGetUserList -->
  <system-out/>
</testsuite> <!-- restassuredtestcases.GetRequestCucumberStyle -->
